\BOOKMARK [0][-]{chapter.1}{\376\377\000I\000n\000t\000r\000o\000d\000u\000c\000t\000i\000o\000n}{}% 1
\BOOKMARK [0][-]{chapter.2}{\376\377\000I\000n\000s\000t\000a\000l\000l\000a\000t\000i\000o\000n}{}% 2
\BOOKMARK [1][-]{section.2.1}{\376\377\000O\000v\000e\000r\000v\000i\000e\000w}{chapter.2}% 3
\BOOKMARK [1][-]{section.2.2}{\376\377\000L\000i\000n\000u\000x\000\040\000i\000n\000s\000t\000a\000l\000l\000a\000t\000i\000o\000n\000\040\000i\000n\000s\000t\000r\000u\000c\000t\000i\000o\000n\000s}{chapter.2}% 4
\BOOKMARK [1][-]{section.2.3}{\376\377\000M\000a\000c\000\040\000O\000S\000\040\000X\000\040\000i\000n\000s\000t\000a\000l\000l\000a\000t\000i\000o\000n}{chapter.2}% 5
\BOOKMARK [1][-]{section.2.4}{\376\377\000M\000a\000n\000u\000a\000l\000\040\000i\000n\000s\000t\000a\000l\000l\000a\000t\000i\000o\000n\000\040\000f\000r\000o\000m\000\040\000s\000o\000u\000r\000c\000e}{chapter.2}% 6
\BOOKMARK [0][-]{chapter.3}{\376\377\000Q\000u\000i\000c\000k\000s\000t\000a\000r\000t\000\040\000T\000u\000t\000o\000r\000i\000a\000l}{}% 7
\BOOKMARK [0][-]{chapter.4}{\376\377\000W\000o\000r\000k\000e\000d\000\040\000E\000x\000a\000m\000p\000l\000e\000s}{}% 8
\BOOKMARK [1][-]{section.4.1}{\376\377\000T\000h\000e\000\040\000n\000o\000n\000l\000i\000n\000e\000a\000r\000\040\000S\000c\000h\000r\000\366\000d\000i\000n\000g\000e\000r\000\040\000e\000q\000u\000a\000t\000i\000o\000n}{chapter.4}% 9
\BOOKMARK [1][-]{section.4.2}{\376\377\000K\000u\000b\000o\000\040\000O\000s\000c\000i\000l\000l\000a\000t\000o\000r}{chapter.4}% 10
\BOOKMARK [1][-]{section.4.3}{\376\377\000F\000i\000b\000r\000e\000\040\000N\000o\000i\000s\000e}{chapter.4}% 11
\BOOKMARK [1][-]{section.4.4}{\376\377\000I\000n\000t\000e\000g\000e\000r\000\040\000D\000i\000m\000e\000n\000s\000i\000o\000n\000s}{chapter.4}% 12
\BOOKMARK [1][-]{section.4.5}{\376\377\000W\000i\000g\000n\000e\000r\000\040\000F\000u\000n\000c\000t\000i\000o\000n}{chapter.4}% 13
\BOOKMARK [1][-]{section.4.6}{\376\377\000F\000i\000n\000d\000i\000n\000g\000\040\000t\000h\000e\000\040\000G\000r\000o\000u\000n\000d\000\040\000S\000t\000a\000t\000e\000\040\000o\000f\000\040\000a\000\040\000B\000E\000C\000\040\000\050\000c\000o\000n\000t\000i\000n\000u\000o\000u\000s\000\040\000r\000e\000n\000o\000r\000m\000a\000l\000i\000s\000a\000t\000i\000o\000n\000\051}{chapter.4}% 14
\BOOKMARK [1][-]{section.4.7}{\376\377\000F\000i\000n\000d\000i\000n\000g\000\040\000t\000h\000e\000\040\000G\000r\000o\000u\000n\000d\000\040\000S\000t\000a\000t\000e\000\040\000o\000f\000\040\000a\000\040\000B\000E\000C\000\040\000a\000g\000a\000i\000n}{chapter.4}% 15
\BOOKMARK [1][-]{section.4.8}{\376\377\000M\000u\000l\000t\000i\000-\000c\000o\000m\000p\000o\000n\000e\000n\000t\000\040\000S\000c\000h\000r\000\366\000d\000i\000n\000g\000e\000r\000\040\000e\000q\000u\000a\000t\000i\000o\000n}{chapter.4}% 16
\BOOKMARK [0][-]{chapter.5}{\376\377\000R\000e\000f\000e\000r\000e\000n\000c\000e\000\040\000s\000e\000c\000t\000i\000o\000n}{}% 17
\BOOKMARK [1][-]{section.5.1}{\376\377\000C\000o\000n\000f\000i\000g\000u\000r\000a\000t\000i\000o\000n\000,\000\040\000i\000n\000s\000t\000a\000l\000l\000a\000t\000i\000o\000n\000\040\000a\000n\000d\000\040\000r\000u\000n\000t\000i\000m\000e\000\040\000o\000p\000t\000i\000o\000n\000s}{chapter.5}% 18
\BOOKMARK [1][-]{section.5.2}{\376\377\000U\000s\000e\000f\000u\000l\000\040\000X\000M\000L\000\040\000S\000y\000n\000t\000a\000x}{chapter.5}% 19
\BOOKMARK [1][-]{section.5.3}{\376\377\000X\000M\000D\000S\0002\000\040\000X\000M\000L\000\040\000S\000c\000h\000e\000m\000a}{chapter.5}% 20
\BOOKMARK [1][-]{section.5.4}{\376\377\000X\000M\000D\000S\0002\000\040\000s\000c\000r\000i\000p\000t\000\040\000e\000l\000e\000m\000e\000n\000t\000s}{chapter.5}% 21
\BOOKMARK [1][-]{section.5.5}{\376\377\000M\000o\000d\000i\000f\000i\000e\000d\000\040\000M\000i\000d\000p\000o\000i\000n\000t\000\040\000M\000e\000t\000h\000o\000d}{chapter.5}% 22
\BOOKMARK [1][-]{section.5.6}{\376\377\000B\000u\000l\000i\000r\000s\000c\000h\000-\000S\000t\000o\000e\000r\000\040\000A\000l\000g\000o\000r\000i\000t\000h\000m}{chapter.5}% 23
\BOOKMARK [1][-]{section.5.7}{\376\377\000E\000r\000r\000o\000r\000\040\000S\000c\000a\000l\000i\000n\000g\000\040\000B\000e\000h\000a\000v\000i\000o\000u\000r}{chapter.5}% 24
\BOOKMARK [0][-]{chapter.6}{\376\377\000A\000d\000v\000a\000n\000c\000e\000d\000\040\000T\000o\000p\000i\000c\000s}{}% 25
\BOOKMARK [1][-]{section.6.1}{\376\377\000I\000m\000p\000o\000r\000t\000i\000n\000g\000\040\000d\000a\000t\000a}{chapter.6}% 26
\BOOKMARK [1][-]{section.6.2}{\376\377\000C\000o\000n\000v\000o\000l\000u\000t\000i\000o\000n\000s\000\040\000a\000n\000d\000\040\000F\000o\000u\000r\000i\000e\000r\000\040\000t\000r\000a\000n\000s\000f\000o\000r\000m\000s}{chapter.6}% 27
\BOOKMARK [1][-]{section.6.3}{\376\377\040\030\000L\000o\000o\000s\000e\040\031\000\040\000g\000e\000o\000m\000e\000t\000r\000y\000\137\000m\000a\000t\000c\000h\000i\000n\000g\000\137\000m\000o\000d\000e}{chapter.6}% 28
\BOOKMARK [1][-]{section.6.4}{\376\377\000D\000i\000m\000e\000n\000s\000i\000o\000n\000\040\000a\000l\000i\000a\000s\000e\000s}{chapter.6}% 29
\BOOKMARK [0][-]{chapter.7}{\376\377\000F\000r\000e\000q\000u\000e\000n\000t\000l\000y\000\040\000A\000s\000k\000e\000d\000\040\000Q\000u\000e\000s\000t\000i\000o\000n\000s}{}% 30
\BOOKMARK [1][-]{section.7.1}{\376\377\000X\000M\000D\000S\000\040\000s\000c\000r\000i\000p\000t\000s\000\040\000l\000o\000o\000k\000\040\000c\000o\000m\000p\000l\000i\000c\000a\000t\000e\000d\000!\000\040\000H\000o\000w\000\040\000d\000o\000\040\000I\000\040\000s\000t\000a\000r\000t\000?}{chapter.7}% 31
\BOOKMARK [1][-]{section.7.2}{\376\377\000W\000h\000e\000r\000e\000\040\000c\000a\000n\000\040\000I\000\040\000g\000e\000t\000\040\000h\000e\000l\000p\000?}{chapter.7}% 32
\BOOKMARK [1][-]{section.7.3}{\376\377\000H\000o\000w\000\040\000s\000h\000o\000u\000l\000d\000\040\000I\000\040\000c\000i\000t\000e\000\040\000X\000M\000D\000S\0002\000?}{chapter.7}% 33
\BOOKMARK [1][-]{section.7.4}{\376\377\000I\000\040\000t\000h\000i\000n\000k\000\040\000I\000\040\000f\000o\000u\000n\000d\000\040\000a\000\040\000b\000u\000g\000!\000\040\000W\000h\000e\000r\000e\000\040\000s\000h\000o\000u\000l\000d\000\040\000I\000\040\000r\000e\000p\000o\000r\000t\000\040\000i\000t\000?}{chapter.7}% 34
\BOOKMARK [1][-]{section.7.5}{\376\377\000H\000o\000w\000\040\000d\000o\000\040\000I\000\040\000p\000u\000t\000\040\000t\000i\000m\000e\000\040\000d\000e\000p\000e\000n\000d\000e\000n\000c\000e\000\040\000i\000n\000t\000o\000\040\000m\000y\000\040\000v\000e\000c\000t\000o\000r\000s\000?}{chapter.7}% 35
\BOOKMARK [1][-]{section.7.6}{\376\377\000C\000a\000n\000\040\000I\000\040\000s\000p\000e\000c\000i\000f\000y\000\040\000t\000h\000e\000\040\000r\000a\000n\000g\000e\000\040\000o\000f\000\040\000m\000y\000\040\000d\000o\000m\000a\000i\000n\000\040\000a\000n\000d\000\040\000n\000u\000m\000b\000e\000r\000\040\000o\000f\000\040\000g\000r\000i\000d\000\040\000p\000o\000i\000n\000t\000s\000\040\000a\000t\000\040\000r\000u\000n\000-\000t\000i\000m\000e\000?}{chapter.7}% 36
\BOOKMARK [1][-]{section.7.7}{\376\377\000W\000h\000e\000n\000\040\000c\000a\000n\000\040\000I\000\040\000u\000s\000e\000\040\000I\000P\000\040\000o\000p\000e\000r\000a\000t\000o\000r\000s\000\040\000\050\000a\000n\000d\000\040\000w\000h\000y\000\040\000s\000h\000o\000u\000l\000d\000\040\000I\000\051\000\040\000a\000n\000d\000\040\000w\000h\000e\000n\000\040\000m\000u\000s\000t\000\040\000I\000\040\000u\000s\000e\000\040\000E\000X\000\040\000o\000p\000e\000r\000a\000t\000o\000r\000s\000?}{chapter.7}% 37
\BOOKMARK [1][-]{section.7.8}{\376\377\000V\000i\000s\000u\000a\000l\000\040\000E\000d\000i\000t\000o\000r\000s}{chapter.7}% 38
\BOOKMARK [0][-]{chapter.8}{\376\377\000U\000p\000g\000r\000a\000d\000i\000n\000g\000\040\000F\000r\000o\000m\000\040\000X\000M\000D\000S\000\040\0001\000.\000X}{}% 39
\BOOKMARK [0][-]{chapter.9}{\376\377\000O\000p\000t\000i\000m\000i\000s\000a\000t\000i\000o\000n\000\040\000H\000i\000n\000t\000s}{}% 40
\BOOKMARK [1][-]{section.9.1}{\376\377\000G\000e\000o\000m\000e\000t\000r\000y\000\040\000a\000n\000d\000\040\000t\000r\000a\000n\000s\000f\000o\000r\000m\000-\000b\000a\000s\000e\000d\000\040\000t\000r\000i\000c\000k\000s}{chapter.9}% 41
\BOOKMARK [1][-]{section.9.2}{\376\377\000R\000e\000d\000u\000c\000e\000\040\000c\000o\000d\000e\000\040\000c\000o\000m\000p\000l\000e\000x\000i\000t\000y}{chapter.9}% 42
\BOOKMARK [1][-]{section.9.3}{\376\377\000C\000o\000m\000p\000i\000l\000e\000r\000\040\000a\000n\000d\000\040\000l\000i\000b\000r\000a\000r\000y\000\040\000t\000r\000i\000c\000k\000s}{chapter.9}% 43
\BOOKMARK [1][-]{section.9.4}{\376\377\000A\000t\000o\000m\000-\000o\000p\000t\000i\000c\000s\000-\000s\000p\000e\000c\000i\000f\000i\000c\000\040\000h\000i\000n\000t\000s}{chapter.9}% 44
\BOOKMARK [0][-]{chapter.10}{\376\377\000x\000s\000i\000l\0002\000g\000r\000a\000p\000h\000i\000c\000s\0002}{}% 45
\BOOKMARK [0][-]{chapter.11}{\376\377\000D\000e\000v\000e\000l\000o\000p\000e\000r\000\040\000D\000o\000c\000u\000m\000e\000n\000t\000a\000t\000i\000o\000n}{}% 46
\BOOKMARK [1][-]{section.11.1}{\376\377\000G\000e\000n\000e\000r\000a\000t\000i\000n\000g\000\040\000r\000e\000p\000r\000o\000d\000u\000c\000i\000b\000l\000e\000\040\000C\000+\000+\000\040\000c\000o\000d\000e}{chapter.11}% 47
\BOOKMARK [1][-]{section.11.2}{\376\377\000T\000e\000s\000t\000\040\000s\000c\000r\000i\000p\000t\000s}{chapter.11}% 48
\BOOKMARK [1][-]{section.11.3}{\376\377\000X\000M\000D\000S\000\040\000D\000o\000c\000u\000m\000e\000n\000t\000a\000t\000i\000o\000n}{chapter.11}% 49
\BOOKMARK [1][-]{section.11.4}{\376\377\000H\000o\000w\000\040\000t\000o\000\040\000u\000p\000d\000a\000t\000e\000\040\000X\000M\000D\000S\0002\000\040\000s\000c\000r\000i\000p\000t\000\040\000v\000a\000l\000i\000d\000a\000t\000o\000r\000\040\000\050\000X\000M\000L\000\040\000s\000c\000h\000e\000m\000a\000\051}{chapter.11}% 50
\BOOKMARK [1][-]{section.11.5}{\376\377\000H\000o\000w\000\040\000t\000o\000\040\000i\000n\000t\000r\000o\000d\000u\000c\000e\000\040\000a\000\040\000n\000e\000w\000\040\000i\000n\000t\000e\000g\000r\000a\000t\000o\000r\000\040\000S\000t\000e\000p\000p\000e\000r\000\040\000i\000n\000t\000o\000\040\000t\000h\000e\000\040\000X\000M\000D\000S\0002\000\040\000e\000n\000v\000i\000r\000o\000n\000m\000e\000n\000t}{chapter.11}% 51
\BOOKMARK [1][-]{section.11.6}{\376\377\000L\000o\000g\000i\000c\000a\000l\000\040\000b\000r\000e\000a\000k\000d\000o\000w\000n\000\040\000o\000f\000\040\000X\000M\000D\000S\0002\000\040\000P\000a\000r\000s\000i\000n\000g\000\040\000P\000r\000o\000c\000e\000s\000s}{chapter.11}% 52
\BOOKMARK [1][-]{section.11.7}{\376\377\000D\000i\000r\000e\000c\000t\000o\000r\000y\000\040\000l\000a\000y\000o\000u\000t}{chapter.11}% 53
\BOOKMARK [0][-]{chapter.12}{\376\377\000L\000i\000c\000e\000n\000s\000i\000n\000g}{}% 54
\BOOKMARK [1][-]{section.12.1}{\376\377\000G\000N\000U\000\040\000G\000e\000n\000e\000r\000a\000l\000\040\000P\000u\000b\000l\000i\000c\000\040\000L\000i\000c\000e\000n\000s\000e}{chapter.12}% 55
\BOOKMARK [1][-]{section.12.2}{\376\377\000G\000N\000U\000\040\000F\000r\000e\000e\000\040\000D\000o\000c\000u\000m\000e\000n\000t\000a\000t\000i\000o\000n\000\040\000L\000i\000c\000e\000n\000s\000e}{chapter.12}% 56
\BOOKMARK [0][-]{chapter.13}{\376\377\000N\000e\000w\000s}{}% 57
\BOOKMARK [1][-]{section.13.1}{\376\377\000X\000M\000D\000S\000\040\0003\000.\0001\000.\0000\000\040\040\034\000M\000y\000\040\000k\000i\000n\000g\000d\000o\000m\000\040\000f\000o\000r\000\040\000a\000\040\000t\000e\000n\000t\000a\000c\000l\000e\040\035\000\040\000\050\000O\000c\000t\000o\000b\000e\000r\000\040\0002\0004\000,\000\040\0002\0000\0002\0001\000\051}{chapter.13}% 58
\BOOKMARK [1][-]{section.13.2}{\376\377\000X\000M\000D\000S\000\040\0003\000.\0000\000.\0000\000\040\040\034\000R\000e\000l\000e\000a\000s\000e\000\040\000t\000h\000e\000\040\000K\000r\000a\000k\000e\000n\040\035\000\040\000\050\000M\000a\000y\000\040\0001\0007\000,\000\040\0002\0000\0001\0009\000\051}{chapter.13}% 59
\BOOKMARK [1][-]{section.13.3}{\376\377\000X\000M\000D\000S\000\040\0002\000.\0002\000.\0003\000\040\040\034\000I\000t\000\040\000c\000a\000m\000e\000\040\000f\000r\000o\000m\000\040\000t\000h\000e\000\040\000d\000e\000e\000p\040\035\000\040\000\050\000J\000a\000n\000u\000a\000r\000y\000\040\0002\0000\000,\000\040\0002\0000\0001\0007\000\051}{chapter.13}% 60
\BOOKMARK [1][-]{section.13.4}{\376\377\000X\000M\000D\000S\000\040\0002\000.\0002\000.\0002\000\040\040\034\000X\000M\000D\000S\0002\000\040\000i\000s\000\040\000a\000\040\000g\000a\000m\000e\000\040\000o\000f\000\040\000t\000w\000o\000\040\000h\000a\000l\000v\000e\000s\040\035\000\040\000\050\000O\000c\000t\000o\000b\000e\000r\000\040\0001\0003\000,\000\040\0002\0000\0001\0004\000\051}{chapter.13}% 61
\BOOKMARK [1][-]{section.13.5}{\376\377\000X\000M\000D\000S\000\040\0002\000.\0002\000.\0001\000\040\040\034\000X\000M\000D\000S\0002\000\040\000i\000s\000\040\000a\000\040\000g\000a\000m\000e\000\040\000o\000f\000\040\000t\000w\000o\000\040\000h\000a\000l\000v\000e\000s\040\035\000\040\000\050\000S\000e\000p\000t\000e\000m\000b\000e\000r\000\040\0003\0000\000,\000\040\0002\0000\0001\0004\000\051}{chapter.13}% 62
\BOOKMARK [1][-]{section.13.6}{\376\377\000X\000M\000D\000S\000\040\0002\000.\0002\000.\0000\000\040\040\034\000O\000u\000t\000\040\000o\000f\000\040\000c\000h\000e\000e\000s\000e\000\040\000e\000r\000r\000o\000r\040\035\000\040\000\050\000J\000a\000n\000u\000a\000r\000y\000\040\0001\0003\000,\000\040\0002\0000\0001\0004\000\051}{chapter.13}% 63
\BOOKMARK [1][-]{section.13.7}{\376\377\000X\000M\000D\000S\000\040\0002\000.\0001\000.\0004\000\040\040\034\000W\000e\000l\000l\000\040\000i\000f\000\040\000t\000h\000i\000s\000\040\000i\000s\000n\040\031\000t\000\040\000n\000i\000c\000e\000,\000\040\000I\000\040\000d\000o\000n\040\031\000t\000\040\000k\000n\000o\000w\000\040\000w\000h\000a\000t\000\040\000i\000s\040\035\000\040\000\050\000S\000e\000p\000t\000e\000m\000b\000e\000r\000\040\0002\0007\000,\000\040\0002\0000\0001\0003\000\051}{chapter.13}% 64
\BOOKMARK [1][-]{section.13.8}{\376\377\000X\000M\000D\000S\000\040\0002\000.\0001\000.\0003\000\040\040\034\000H\000a\000p\000p\000y\000\040\000M\000o\000l\000l\000u\000s\000c\040\035\000\040\000\050\000J\000u\000n\000e\000\040\0007\000,\000\040\0002\0000\0001\0003\000\051}{chapter.13}% 65
\BOOKMARK [1][-]{section.13.9}{\376\377\000X\000M\000D\000S\000\040\0002\000.\0001\000.\0002\000\040\040\034\000H\000a\000p\000p\000y\000\040\000M\000o\000l\000l\000u\000s\000c\040\035\000\040\000\050\000O\000c\000t\000o\000b\000e\000r\000\040\0001\0005\000,\000\040\0002\0000\0001\0002\000\051}{chapter.13}% 66
\BOOKMARK [1][-]{section.13.10}{\376\377\000X\000M\000D\000S\000\040\0002\000.\0001\000\040\040\034\000H\000a\000p\000p\000y\000\040\000M\000o\000l\000l\000u\000s\000c\040\035\000\040\000\050\000J\000u\000n\000e\000\040\0001\0004\000,\000\040\0002\0000\0001\0002\000\051}{chapter.13}% 67
\BOOKMARK [1][-]{section.13.11}{\376\377\000X\000M\000D\000S\000\040\0002\000.\0000\000\040\040\034\000S\000h\000i\000n\000y\000!\040\035\000\040\000\050\000S\000e\000p\000t\000e\000m\000b\000e\000r\000\040\0001\0003\000,\000\040\0002\0000\0001\0000\000\051}{chapter.13}% 68
\BOOKMARK [0][-]{section*.55}{\376\377\000I\000n\000d\000e\000x}{}% 69
